<?xml version="1.0" encoding="UTF-8"?>
<testsuite xmlns:xsi="http://www.w3.org/2001/XMLSchema-instance" xsi:noNamespaceSchemaLocation="https://maven.apache.org/surefire/maven-surefire-plugin/xsd/surefire-test-report-3.0.xsd" version="3.0" name="com.google.cloud.spanner.pgadapter.metadata.CommandMetadataParserTest(sponge_log)" time="0" tests="5" errors="0" skipped="0" failures="0">
  <properties>
[...]
</properties>
  <testcase name="testReturnsEmptyCommands" classname="com.google.cloud.spanner.pgadapter.metadata.CommandMetadataParserTest(sponge_log)" time="0"/>
  <testcase name="testReturnsNonNullDefaultCommands" classname="com.google.cloud.spanner.pgadapter.metadata.CommandMetadataParserTest(sponge_log)" time="0"/>
  <testcase name="testReturnsCommandsFromMetadataFile" classname="com.google.cloud.spanner.pgadapter.metadata.CommandMetadataParserTest(sponge_log)" time="0"/>
  <testcase name="testThrowsIllegalArgumentExceptionWhenJsonIsNull" classname="com.google.cloud.spanner.pgadapter.metadata.CommandMetadataParserTest(sponge_log)" time="0"/>
  <testcase name="testThrowsIllegalArgumentExceptionWhenJsonIsNotAnObject" classname="com.google.cloud.spanner.pgadapter.metadata.CommandMetadataParserTest(sponge_log)" time="0"/>
</testsuite>